<?xml version="1.0" encoding="UTF-8"?>
<!-- Generated by org.testng.reporters.JUnitReportReporter -->
<testsuite hostname="Ivaan" failures="0" tests="1" name="tests.TC1_ValidateLogin_Positive" time="9.346" errors="0" timestamp="2023-09-14T20:18:24 IST" skipped="0">
  <testcase classname="tests.TC1_ValidateLogin_Positive" name="loginPHP" time="9.346"/>
  <system-out/>
</testsuite> <!-- tests.TC1_ValidateLogin_Positive -->
