<?xml version="1.0" encoding="UTF-8"?>
<!-- Generated by org.testng.reporters.JUnitReportReporter -->
<testsuite hostname="Ivaan" failures="0" tests="1" name="tests.TC2_ValidateLogin_Negative" time="8.528" errors="0" timestamp="2023-09-14T20:18:24 IST" skipped="0">
  <testcase classname="tests.TC2_ValidateLogin_Negative" name="validateNegativeLogin" time="8.528"/>
  <system-out/>
</testsuite> <!-- tests.TC2_ValidateLogin_Negative -->
